2025/05/03 05:50:44 main.go:614: Starting LazyDebrid...
2025/05/03 05:51:35 main.go:614: Starting LazyDebrid...
2025/05/03 05:51:37 main.go:380: kjhkj

2025/05/03 05:52:24 main.go:614: Starting LazyDebrid...
2025/05/03 05:53:39 main.go:619: Starting LazyDebrid...
2025/05/03 05:54:09 main.go:619: Starting LazyDebrid...
2025/05/03 05:54:12 main.go:443: works
2025/05/03 05:54:12 main.go:445: controls
2025/05/03 05:54:12 main.go:451: controls
2025/05/03 05:55:05 main.go:616: Starting LazyDebrid...
2025/05/03 05:59:08 main.go:614: Starting LazyDebrid...
2025/05/03 05:59:22 main.go:614: Starting LazyDebrid...
2025/05/03 05:59:23 main.go:625: unknown type
2025/05/03 05:59:36 main.go:614: Starting LazyDebrid...
2025/05/03 06:00:01 main.go:614: Starting LazyDebrid...
2025/05/03 06:00:59 main.go:614: Starting LazyDebrid...
2025/05/03 06:01:00 main.go:444: controls
2025/05/03 06:01:00 main.go:450: controls
2025/05/03 06:07:25 main.go:383: Starting LazyDebrid...
2025/05/03 06:08:28 main.go:413: Starting LazyDebrid...
2025/05/03 06:10:12 main.go:617: Starting LazyDebrid...
2025/05/03 06:10:15 main.go:447: controls
2025/05/03 06:10:15 main.go:453: controls
2025/05/03 06:11:57 main.go:651: Starting LazyDebrid...
2025/05/03 06:12:25 main.go:651: Starting LazyDebrid...
2025/05/03 06:13:55 main.go:652: Starting LazyDebrid...
2025/05/03 06:16:30 main.go:661: Starting LazyDebrid...
2025/05/03 06:17:01 main.go:661: Starting LazyDebrid...
2025/05/03 06:17:58 main.go:661: Starting LazyDebrid...
2025/05/03 06:18:49 main.go:662: Starting LazyDebrid...
2025/05/03 06:19:15 main.go:662: Starting LazyDebrid...
2025/05/03 06:28:06 main.go:693: Starting LazyDebrid...
2025/05/03 06:28:06 main.go:599: binding failed: unknown type
2025/05/03 06:28:17 main.go:693: Starting LazyDebrid...
2025/05/03 06:28:22 main.go:599: binding failed: unknown type
2025/05/03 06:28:24 main.go:693: Starting LazyDebrid...
2025/05/03 06:28:25 main.go:599: binding failed: unknown type
2025/05/03 06:29:22 main.go:699: Starting LazyDebrid...
2025/05/03 06:29:23 main.go:605: binding failed: unknown type
2025/05/03 06:29:51 main.go:699: Starting LazyDebrid...
2025/05/03 06:30:45 main.go:698: Starting LazyDebrid...
2025/05/03 06:31:34 main.go:700: Starting LazyDebrid...
2025/05/03 06:31:36 main.go:390: https://api.real-debrid.com/rest/1.0/torrents/info/JKVTYVF5MGSMI
2025/05/03 06:40:17 main.go:699: Starting LazyDebrid...
2025/05/03 06:41:15 main.go:700: Starting LazyDebrid...
2025/05/03 06:41:15 main.go:388: {JKVTYVF5MGSMI Parks.and.Recreation.S04E01.1080p.BluRay.x265-KONTRAST.mp4 video/mp4 440612464 https://real-debrid.com/d/KAX45WFLEYNL696A real-debrid.com https://fcdn.real-debrid.com/0830/images/hosters/realdebrid.png 32 https://nyk2-4.download.real-debrid.com/d/JKVTYVF5MGSMI21/Parks.and.Recreation.S04E01.1080p.BluRay.x265-KONTRAST.mp4 1 2025-05-03T00:31:31.000Z}
